<?xml version="1.0" encoding="UTF-8"?>
<testng-results skipped="0" failed="0" ignored="0" total="1" passed="1">
  <reporter-output>
  </reporter-output>
  <suite name="Default suite" duration-ms="7222" started-at="2022-02-03T17:24:31 IST" finished-at="2022-02-03T17:24:39 IST">
    <groups>
    </groups>
    <test name="Default test" duration-ms="7222" started-at="2022-02-03T17:24:31 IST" finished-at="2022-02-03T17:24:39 IST">
      <class name="basicProject.tc_1Test">
        <test-method status="PASS" signature="kfc()[pri:0, instance:basicProject.tc_1Test@5f282abb]" name="kfc" duration-ms="7172" started-at="2022-02-03T17:24:31 IST" finished-at="2022-02-03T17:24:39 IST">
          <reporter-output>
          </reporter-output>
        </test-method> <!-- kfc -->
      </class> <!-- basicProject.tc_1Test -->
    </test> <!-- Default test -->
  </suite> <!-- Default suite -->
</testng-results>
